13:16:29 **** Incremental Build of configuration Debug for project 303re-sht30-2 ****
make -j4 all 
arm-none-eabi-gcc "../Core/Src/main.c" -mcpu=cortex-m4 -std=gnu11 -g3 -DDEBUG -DUSE_HAL_DRIVER -DSTM32F303xE -c -I../Core/Inc -I../Drivers/STM32F3xx_HAL_Driver/Inc -I../Drivers/STM32F3xx_HAL_Driver/Inc/Legacy -I../Drivers/CMSIS/Device/ST/STM32F3xx/Include -I../Drivers/CMSIS/Include -O0 -ffunction-sections -fdata-sections -Wall -fstack-usage -MMD -MP -MF"Core/Src/main.d" -MT"Core/Src/main.o" --specs=nano.specs -mfpu=fpv4-sp-d16 -mfloat-abi=hard -mthumb -o "Core/Src/main.o"
../Core/Src/main.c: In function 'main':
../Core/Src/main.c:117:4: warning: implicit declaration of function 'SHT3X_GetTempAndHumi' [-Wimplicit-function-declaration]
  117 |    SHT3X_GetTempAndHumi(&temperature, &humidity, REPEATAB_HIGH, MODE_CLKSTRETCH, 50);
      |    ^~~~~~~~~~~~~~~~~~~~
../Core/Src/main.c:117:26: error: 'temperature' undeclared (first use in this function)
  117 |    SHT3X_GetTempAndHumi(&temperature, &humidity, REPEATAB_HIGH, MODE_CLKSTRETCH, 50);
      |                          ^~~~~~~~~~~
../Core/Src/main.c:117:26: note: each undeclared identifier is reported only once for each function it appears in
../Core/Src/main.c:117:40: error: 'humidity' undeclared (first use in this function)
  117 |    SHT3X_GetTempAndHumi(&temperature, &humidity, REPEATAB_HIGH, MODE_CLKSTRETCH, 50);
      |                                        ^~~~~~~~
../Core/Src/main.c:117:50: error: 'REPEATAB_HIGH' undeclared (first use in this function)
  117 |    SHT3X_GetTempAndHumi(&temperature, &humidity, REPEATAB_HIGH, MODE_CLKSTRETCH, 50);
      |                                                  ^~~~~~~~~~~~~
../Core/Src/main.c:117:65: error: 'MODE_CLKSTRETCH' undeclared (first use in this function)
  117 |    SHT3X_GetTempAndHumi(&temperature, &humidity, REPEATAB_HIGH, MODE_CLKSTRETCH, 50);
      |                                                                 ^~~~~~~~~~~~~~~
../Core/Src/main.c:118:12: warning: implicit declaration of function 'printf' [-Wimplicit-function-declaration]
  118 |            printf("temperature=%.1f℃\thumidity=%.1f%%RH\terror=%d\r\n",(float)temperature,(float)humidity,(u8)error);
      |            ^~~~~~
../Core/Src/main.c:118:12: warning: incompatible implicit declaration of built-in function 'printf'
../Core/Src/main.c:22:1: note: include '<stdio.h>' or provide a declaration of 'printf'
   21 | #include "main.h"
  +++ |+#include <stdio.h>
   22 | 
../Core/Src/main.c:118:110: error: 'u8' undeclared (first use in this function)
  118 |            printf("temperature=%.1f℃\thumidity=%.1f%%RH\terror=%d\r\n",(float)temperature,(float)humidity,(u8)error);
      |                                                                                                              ^~
../Core/Src/main.c:118:113: error: expected ')' before 'error'
  118 |            printf("temperature=%.1f℃\thumidity=%.1f%%RH\terror=%d\r\n",(float)temperature,(float)humidity,(u8)error);
      |                                                                                                                 ^~~~~
      |                                                                                                                 )
../Core/Src/main.c: At top level:
../Core/Src/main.c:265:1: error: unknown type name 'etError'
  265 | etError SHT3X_GetTempAndHumi(ft* temperature, ft* humidity,etRepeatability repeatability, etMode mode, u8t timeout)
      | ^~~~~~~
../Core/Src/main.c:265:30: error: unknown type name 'ft'
  265 | etError SHT3X_GetTempAndHumi(ft* temperature, ft* humidity,etRepeatability repeatability, etMode mode, u8t timeout)
      |                              ^~
../Core/Src/main.c:265:47: error: unknown type name 'ft'
  265 | etError SHT3X_GetTempAndHumi(ft* temperature, ft* humidity,etRepeatability repeatability, etMode mode, u8t timeout)
      |                                               ^~
../Core/Src/main.c:265:60: error: unknown type name 'etRepeatability'
  265 | etError SHT3X_GetTempAndHumi(ft* temperature, ft* humidity,etRepeatability repeatability, etMode mode, u8t timeout)
      |                                                            ^~~~~~~~~~~~~~~
../Core/Src/main.c:265:91: error: unknown type name 'etMode'
  265 | etError SHT3X_GetTempAndHumi(ft* temperature, ft* humidity,etRepeatability repeatability, etMode mode, u8t timeout)
      |                                                                                           ^~~~~~
../Core/Src/main.c:265:104: error: unknown type name 'u8t'
  265 | etError SHT3X_GetTempAndHumi(ft* temperature, ft* humidity,etRepeatability repeatability, etMode mode, u8t timeout)
      |                                                                                                        ^~~
../Core/Src/main.c:287:1: error: unknown type name 'etError'
  287 | etError SHT3X_GetTempAndHumiClkStretch(ft* temperature, ft* humidity,etRepeatability repeatability, u8t timeout)
      | ^~~~~~~
../Core/Src/main.c:287:40: error: unknown type name 'ft'
  287 | etError SHT3X_GetTempAndHumiClkStretch(ft* temperature, ft* humidity,etRepeatability repeatability, u8t timeout)
      |                                        ^~
../Core/Src/main.c:287:57: error: unknown type name 'ft'
  287 | etError SHT3X_GetTempAndHumiClkStretch(ft* temperature, ft* humidity,etRepeatability repeatability, u8t timeout)
      |                                                         ^~
../Core/Src/main.c:287:70: error: unknown type name 'etRepeatability'
  287 | etError SHT3X_GetTempAndHumiClkStretch(ft* temperature, ft* humidity,etRepeatability repeatability, u8t timeout)
      |                                                                      ^~~~~~~~~~~~~~~
../Core/Src/main.c:287:101: error: unknown type name 'u8t'
  287 | etError SHT3X_GetTempAndHumiClkStretch(ft* temperature, ft* humidity,etRepeatability repeatability, u8t timeout)
      |                                                                                                     ^~~
../Core/Src/main.c:341:8: error: unknown type name 'etError'
  341 | static etError SHT3X_StartWriteAccess(void)
      |        ^~~~~~~
../Core/Src/main.c: In function 'SHT3X_StartWriteAccess':
../Core/Src/main.c:343:5: error: unknown type name 'etError'
  343 |     etError error = NO_ERROR; // error code
      |     ^~~~~~~
../Core/Src/main.c:343:21: error: 'NO_ERROR' undeclared (first use in this function); did you mean 'NOR_ERROR'?
  343 |     etError error = NO_ERROR; // error code
      |                     ^~~~~~~~
      |                     NOR_ERROR
../Core/Src/main.c:346:2: error: 'SHT30_Timeout' undeclared (first use in this function)
  346 |  SHT30_Timeout = SHT30_LONG_TIMEOUT;
      |  ^~~~~~~~~~~~~
../Core/Src/main.c:346:18: error: 'SHT30_LONG_TIMEOUT' undeclared (first use in this function)
  346 |  SHT30_Timeout = SHT30_LONG_TIMEOUT;
      |                  ^~~~~~~~~~~~~~~~~~
../Core/Src/main.c:347:11: warning: implicit declaration of function 'I2C_GetFlagStatus' [-Wimplicit-function-declaration]
  347 |     while(I2C_GetFlagStatus(SHT30_I2C, I2C_FLAG_BUSY))
      |           ^~~~~~~~~~~~~~~~~
../Core/Src/main.c:351:13: error: 'TIMEOUT_ERROR' undeclared (first use in this function)
  351 |     error = TIMEOUT_ERROR;
      |             ^~~~~~~~~~~~~
../Core/Src/main.c:356:5: warning: implicit declaration of function 'I2C_AcknowledgeConfig' [-Wimplicit-function-declaration]
  356 |     I2C_AcknowledgeConfig(SHT30_I2C, ENABLE);
      |     ^~~~~~~~~~~~~~~~~~~~~
../Core/Src/main.c:360:5: warning: implicit declaration of function 'I2C_GenerateSTART' [-Wimplicit-function-declaration]
  360 |     I2C_GenerateSTART(SHT30_I2C, ENABLE);
      |     ^~~~~~~~~~~~~~~~~
../Core/Src/main.c:371:18: error: 'SHT30_FLAG_TIMEOUT' undeclared (first use in this function); did you mean 'I2C_FLAG_TIMEOUT'?
  371 |  SHT30_Timeout = SHT30_FLAG_TIMEOUT;
      |                  ^~~~~~~~~~~~~~~~~~
      |                  I2C_FLAG_TIMEOUT
../Core/Src/main.c:372:12: warning: implicit declaration of function 'I2C_CheckEvent' [-Wimplicit-function-declaration]
  372 |     while(!I2C_CheckEvent(SHT30_I2C, I2C_EVENT_MASTER_MODE_SELECT))
      |            ^~~~~~~~~~~~~~
../Core/Src/main.c:372:38: error: 'I2C_EVENT_MASTER_MODE_SELECT' undeclared (first use in this function)
  372 |     while(!I2C_CheckEvent(SHT30_I2C, I2C_EVENT_MASTER_MODE_SELECT))
      |                                      ^~~~~~~~~~~~~~~~~~~~~~~~~~~~
../Core/Src/main.c:376:13: error: 'TIMEOUT_EV5_ERROR' undeclared (first use in this function)
  376 |     error = TIMEOUT_EV5_ERROR;
      |             ^~~~~~~~~~~~~~~~~
../Core/Src/main.c:384:2: warning: implicit declaration of function 'I2C_Send7bitAddress' [-Wimplicit-function-declaration]
  384 |  I2C_Send7bitAddress(SHT30_I2C, (SHT30_I2C_ADDR << 1), I2C_Direction_Transmitter);
      |  ^~~~~~~~~~~~~~~~~~~
../Core/Src/main.c:384:56: error: 'I2C_Direction_Transmitter' undeclared (first use in this function)
  384 |  I2C_Send7bitAddress(SHT30_I2C, (SHT30_I2C_ADDR << 1), I2C_Direction_Transmitter);
      |                                                        ^~~~~~~~~~~~~~~~~~~~~~~~~
../Core/Src/main.c:388:38: error: 'I2C_EVENT_MASTER_TRANSMITTER_MODE_SELECTED' undeclared (first use in this function)
  388 |     while(!I2C_CheckEvent(SHT30_I2C, I2C_EVENT_MASTER_TRANSMITTER_MODE_SELECTED))
      |                                      ^~~~~~~~~~~~~~~~~~~~~~~~~~~~~~~~~~~~~~~~~~
../Core/Src/main.c:392:12: error: 'TIMEOUT_EV6_ERROR' undeclared (first use in this function)
  392 |    error = TIMEOUT_EV6_ERROR;
      |            ^~~~~~~~~~~~~~~~~
../Core/Src/main.c: At top level:
../Core/Src/main.c:401:8: error: unknown type name 'etError'
  401 | static etError SHT3X_WriteCommand(etCommands command)
      |        ^~~~~~~
../Core/Src/main.c:401:35: error: unknown type name 'etCommands'
  401 | static etError SHT3X_WriteCommand(etCommands command)
      |                                   ^~~~~~~~~~
../Core/Src/main.c:438:8: error: unknown type name 'etError'
  438 | static etError SHT3X_StartReadAccess(void)
      |        ^~~~~~~
../Core/Src/main.c: In function 'SHT3X_StartReadAccess':
../Core/Src/main.c:440:5: error: unknown type name 'etError'
  440 |     etError error; // error code
      |     ^~~~~~~
../Core/Src/main.c:447:4: error: 'SHT30_Timeout' undeclared (first use in this function)
  447 |    SHT30_Timeout = SHT30_LONG_TIMEOUT;
      |    ^~~~~~~~~~~~~
../Core/Src/main.c:447:20: error: 'SHT30_LONG_TIMEOUT' undeclared (first use in this function)
  447 |    SHT30_Timeout = SHT30_LONG_TIMEOUT;
      |                    ^~~~~~~~~~~~~~~~~~
../Core/Src/main.c:452:13: error: 'TIMEOUT_ERROR' undeclared (first use in this function)
  452 |     error = TIMEOUT_ERROR;
      |             ^~~~~~~~~~~~~
../Core/Src/main.c:465:18: error: 'SHT30_FLAG_TIMEOUT' undeclared (first use in this function); did you mean 'I2C_FLAG_TIMEOUT'?
  465 |  SHT30_Timeout = SHT30_FLAG_TIMEOUT;
      |                  ^~~~~~~~~~~~~~~~~~
      |                  I2C_FLAG_TIMEOUT
../Core/Src/main.c:466:38: error: 'I2C_EVENT_MASTER_MODE_SELECT' undeclared (first use in this function)
  466 |     while(!I2C_CheckEvent(SHT30_I2C, I2C_EVENT_MASTER_MODE_SELECT))
      |                                      ^~~~~~~~~~~~~~~~~~~~~~~~~~~~
../Core/Src/main.c:470:14: error: 'TIMEOUT_EV5_ERROR' undeclared (first use in this function)
  470 |      error = TIMEOUT_EV5_ERROR;
      |              ^~~~~~~~~~~~~~~~~
../Core/Src/main.c:478:58: error: 'I2C_Direction_Receiver' undeclared (first use in this function)
  478 |    I2C_Send7bitAddress(SHT30_I2C, (SHT30_I2C_ADDR << 1), I2C_Direction_Receiver);
      |                                                          ^~~~~~~~~~~~~~~~~~~~~~
../Core/Src/main.c:482:37: error: 'I2C_EVENT_MASTER_RECEIVER_MODE_SELECTED' undeclared (first use in this function)
  482 |    while(!I2C_CheckEvent(SHT30_I2C, I2C_EVENT_MASTER_RECEIVER_MODE_SELECTED))
      |                                     ^~~~~~~~~~~~~~~~~~~~~~~~~~~~~~~~~~~~~~~
../Core/Src/main.c:486:15: error: 'TIMEOUT_EV6_ERROR' undeclared (first use in this function)
  486 |       error = TIMEOUT_EV6_ERROR;
      |               ^~~~~~~~~~~~~~~~~
../Core/Src/main.c: At top level:
../Core/Src/main.c:498:8: error: unknown type name 'etError'
  498 | static etError SHT3X_Read2BytesAndCrc(u16t* data, etI2cAck finaleAckNack,u8t timeout)
      |        ^~~~~~~
../Core/Src/main.c:498:39: error: unknown type name 'u16t'
  498 | static etError SHT3X_Read2BytesAndCrc(u16t* data, etI2cAck finaleAckNack,u8t timeout)
      |                                       ^~~~
../Core/Src/main.c:498:51: error: unknown type name 'etI2cAck'
  498 | static etError SHT3X_Read2BytesAndCrc(u16t* data, etI2cAck finaleAckNack,u8t timeout)
      |                                                   ^~~~~~~~
../Core/Src/main.c:498:74: error: unknown type name 'u8t'
  498 | static etError SHT3X_Read2BytesAndCrc(u16t* data, etI2cAck finaleAckNack,u8t timeout)
      |                                                                          ^~~
../Core/Src/main.c:522:1: error: unknown type name 'etError'
  522 | etError I2c_ReadByte(u8t *rxByte, etI2cAck ack, u8t timeout)
      | ^~~~~~~
../Core/Src/main.c:522:22: error: unknown type name 'u8t'
  522 | etError I2c_ReadByte(u8t *rxByte, etI2cAck ack, u8t timeout)
      |                      ^~~
../Core/Src/main.c:522:35: error: unknown type name 'etI2cAck'
  522 | etError I2c_ReadByte(u8t *rxByte, etI2cAck ack, u8t timeout)
      |                                   ^~~~~~~~
../Core/Src/main.c:522:49: error: unknown type name 'u8t'
  522 | etError I2c_ReadByte(u8t *rxByte, etI2cAck ack, u8t timeout)
      |                                                 ^~~
../Core/Src/main.c:577:8: error: unknown type name 'etError'
  577 | static etError SHT3X_CheckCrc(u8t data[], u8t nbrOfBytes, u8t checksum)
      |        ^~~~~~~
../Core/Src/main.c:577:31: error: unknown type name 'u8t'
  577 | static etError SHT3X_CheckCrc(u8t data[], u8t nbrOfBytes, u8t checksum)
      |                               ^~~
../Core/Src/main.c:577:43: error: unknown type name 'u8t'
  577 | static etError SHT3X_CheckCrc(u8t data[], u8t nbrOfBytes, u8t checksum)
      |                                           ^~~
../Core/Src/main.c:577:59: error: unknown type name 'u8t'
  577 | static etError SHT3X_CheckCrc(u8t data[], u8t nbrOfBytes, u8t checksum)
      |                                                           ^~~
../Core/Src/main.c: In function 'SHT3X_StopAccess':
../Core/Src/main.c:592:3: warning: implicit declaration of function 'I2C_DeInit'; did you mean 'HAL_DeInit'? [-Wimplicit-function-declaration]
  592 |   I2C_DeInit(SHT30_I2C);
      |   ^~~~~~~~~~
      |   HAL_DeInit
../Core/Src/main.c:593:3: warning: implicit declaration of function 'SHT30_Init'; did you mean 'SHT30_I2C'? [-Wimplicit-function-declaration]
  593 |   SHT30_Init(SHT30_I2C_ADDR);
      |   ^~~~~~~~~~
      |   SHT30_I2C
../Core/Src/main.c: At top level:
../Core/Src/main.c:596:6: warning: conflicting types for 'SHT30_Init'
  596 | void SHT30_Init(uint8_t i2cAddress)
      |      ^~~~~~~~~~
../Core/Src/main.c:593:3: note: previous implicit declaration of 'SHT30_Init' was here
  593 |   SHT30_Init(SHT30_I2C_ADDR);
      |   ^~~~~~~~~~
../Core/Src/main.c: In function 'SHT30_Init':
../Core/Src/main.c:602:5: warning: implicit declaration of function 'RCC_APB2PeriphClockCmd' [-Wimplicit-function-declaration]
  602 |     RCC_APB2PeriphClockCmd(RCC_APB2Periph_GPIOB|RCC_APB2Periph_AFIO, ENABLE);
      |     ^~~~~~~~~~~~~~~~~~~~~~
../Core/Src/main.c:602:28: error: 'RCC_APB2Periph_GPIOB' undeclared (first use in this function)
  602 |     RCC_APB2PeriphClockCmd(RCC_APB2Periph_GPIOB|RCC_APB2Periph_AFIO, ENABLE);
      |                            ^~~~~~~~~~~~~~~~~~~~
../Core/Src/main.c:602:49: error: 'RCC_APB2Periph_AFIO' undeclared (first use in this function)
  602 |     RCC_APB2PeriphClockCmd(RCC_APB2Periph_GPIOB|RCC_APB2Periph_AFIO, ENABLE);
      |                                                 ^~~~~~~~~~~~~~~~~~~
../Core/Src/main.c:604:23: error: 'GPIO_InitTypeDef' {aka 'struct <anonymous>'} has no member named 'GPIO_Pin'
  604 |     GPIO_InitStructure.GPIO_Pin = SHT30_I2C_SCL_PIN|SHT30_I2C_SDA_PIN;
      |                       ^
../Core/Src/main.c:52:45: error: 'GPIO_Pin_6' undeclared (first use in this function); did you mean 'GPIO_PIN_6'?
   52 | #define SHT30_I2C_SCL_PIN                  (GPIO_Pin_6)           /* PB.06 */
      |                                             ^~~~~~~~~~
../Core/Src/main.c:604:35: note: in expansion of macro 'SHT30_I2C_SCL_PIN'
  604 |     GPIO_InitStructure.GPIO_Pin = SHT30_I2C_SCL_PIN|SHT30_I2C_SDA_PIN;
      |                                   ^~~~~~~~~~~~~~~~~
../Core/Src/main.c:55:45: error: 'GPIO_Pin_7' undeclared (first use in this function); did you mean 'GPIO_PIN_7'?
   55 | #define SHT30_I2C_SDA_PIN                  (GPIO_Pin_7)           /* PB.07 */
      |                                             ^~~~~~~~~~
../Core/Src/main.c:604:53: note: in expansion of macro 'SHT30_I2C_SDA_PIN'
  604 |     GPIO_InitStructure.GPIO_Pin = SHT30_I2C_SCL_PIN|SHT30_I2C_SDA_PIN;
      |                                                     ^~~~~~~~~~~~~~~~~
../Core/Src/main.c:605:23: error: 'GPIO_InitTypeDef' {aka 'struct <anonymous>'} has no member named 'GPIO_Speed'
  605 |     GPIO_InitStructure.GPIO_Speed = GPIO_Speed_50MHz;
      |                       ^
../Core/Src/main.c:605:37: error: 'GPIO_Speed_50MHz' undeclared (first use in this function)
  605 |     GPIO_InitStructure.GPIO_Speed = GPIO_Speed_50MHz;
      |                                     ^~~~~~~~~~~~~~~~
../Core/Src/main.c:606:23: error: 'GPIO_InitTypeDef' {aka 'struct <anonymous>'} has no member named 'GPIO_Mode'
  606 |     GPIO_InitStructure.GPIO_Mode = GPIO_Mode_AF_OD;
      |                       ^
../Core/Src/main.c:606:36: error: 'GPIO_Mode_AF_OD' undeclared (first use in this function); did you mean 'GPIO_MODE_AF_OD'?
  606 |     GPIO_InitStructure.GPIO_Mode = GPIO_Mode_AF_OD;
      |                                    ^~~~~~~~~~~~~~~
      |                                    GPIO_MODE_AF_OD
../Core/Src/main.c:607:5: warning: implicit declaration of function 'GPIO_Init'; did you mean 'MX_GPIO_Init'? [-Wimplicit-function-declaration]
  607 |     GPIO_Init(SHT30_I2C_SCL_GPIO_PORT, &GPIO_InitStructure);
      |     ^~~~~~~~~
      |     MX_GPIO_Init
../Core/Src/main.c:610:5: warning: implicit declaration of function 'RCC_APB1PeriphClockCmd' [-Wimplicit-function-declaration]
  610 |     RCC_APB1PeriphClockCmd(RCC_APB1Periph_I2C1, ENABLE);
      |     ^~~~~~~~~~~~~~~~~~~~~~
../Core/Src/main.c:610:28: error: 'RCC_APB1Periph_I2C1' undeclared (first use in this function)
  610 |     RCC_APB1PeriphClockCmd(RCC_APB1Periph_I2C1, ENABLE);
      |                            ^~~~~~~~~~~~~~~~~~~
../Core/Src/main.c:614:19: error: 'I2C_InitTypeDef' {aka 'struct <anonymous>'} has no member named 'I2C_Mode'
  614 |  I2C_InitStructure.I2C_Mode = I2C_Mode_I2C;
      |                   ^
../Core/Src/main.c:614:31: error: 'I2C_Mode_I2C' undeclared (first use in this function)
  614 |  I2C_InitStructure.I2C_Mode = I2C_Mode_I2C;
      |                               ^~~~~~~~~~~~
../Core/Src/main.c:615:19: error: 'I2C_InitTypeDef' {aka 'struct <anonymous>'} has no member named 'I2C_DutyCycle'
  615 |  I2C_InitStructure.I2C_DutyCycle = I2C_DutyCycle_2;
      |                   ^
../Core/Src/main.c:615:36: error: 'I2C_DutyCycle_2' undeclared (first use in this function)
  615 |  I2C_InitStructure.I2C_DutyCycle = I2C_DutyCycle_2;
      |                                    ^~~~~~~~~~~~~~~
../Core/Src/main.c:616:20: error: 'I2C_InitTypeDef' {aka 'struct <anonymous>'} has no member named 'I2C_OwnAddress1'; did you mean 'OwnAddress1'?
  616 |  I2C_InitStructure.I2C_OwnAddress1 = i2cAddress;
      |                    ^~~~~~~~~~~~~~~
      |                    OwnAddress1
../Core/Src/main.c:617:19: error: 'I2C_InitTypeDef' {aka 'struct <anonymous>'} has no member named 'I2C_Ack'
  617 |  I2C_InitStructure.I2C_Ack = I2C_Ack_Enable;
      |                   ^
../Core/Src/main.c:617:30: error: 'I2C_Ack_Enable' undeclared (first use in this function)
  617 |  I2C_InitStructure.I2C_Ack = I2C_Ack_Enable;
      |                              ^~~~~~~~~~~~~~
../Core/Src/main.c:618:19: error: 'I2C_InitTypeDef' {aka 'struct <anonymous>'} has no member named 'I2C_AcknowledgedAddress'
  618 |  I2C_InitStructure.I2C_AcknowledgedAddress = I2C_AcknowledgedAddress_7bit;
      |                   ^
../Core/Src/main.c:618:46: error: 'I2C_AcknowledgedAddress_7bit' undeclared (first use in this function)
  618 |  I2C_InitStructure.I2C_AcknowledgedAddress = I2C_AcknowledgedAddress_7bit;
      |                                              ^~~~~~~~~~~~~~~~~~~~~~~~~~~~
../Core/Src/main.c:619:19: error: 'I2C_InitTypeDef' {aka 'struct <anonymous>'} has no member named 'I2C_ClockSpeed'
  619 |  I2C_InitStructure.I2C_ClockSpeed = I2C_SPEED;
      |                   ^
../Core/Src/main.c:622:2: warning: implicit declaration of function 'I2C_Init' [-Wimplicit-function-declaration]
  622 |  I2C_Init(I2C1, &I2C_InitStructure);
      |  ^~~~~~~~
../Core/Src/main.c:625:2: warning: implicit declaration of function 'I2C_Cmd' [-Wimplicit-function-declaration]
  625 |  I2C_Cmd(I2C1, ENABLE);
      |  ^~~~~~~
At top level:
../Core/Src/main.c:590:13: warning: 'SHT3X_StopAccess' defined but not used [-Wunused-function]
  590 | static void SHT3X_StopAccess(void)
      |             ^~~~~~~~~~~~~~~~
../Core/Src/main.c:438:16: warning: 'SHT3X_StartReadAccess' defined but not used [-Wunused-function]
  438 | static etError SHT3X_StartReadAccess(void)
      |                ^~~~~~~~~~~~~~~~~~~~~
../Core/Src/main.c:341:16: warning: 'SHT3X_StartWriteAccess' defined but not used [-Wunused-function]
  341 | static etError SHT3X_StartWriteAccess(void)
      |                ^~~~~~~~~~~~~~~~~~~~~~
make: *** [Core/Src/subdir.mk:34: Core/Src/main.o] Error 1
"make -j4 all" terminated with exit code 2. Build might be incomplete.

13:16:31 Build Failed. 75 errors, 19 warnings. (took 1s.672ms)

